  [4;36;1mSQL (0.0ms)[0m   [0;1m SELECT name
 FROM sqlite_master
 WHERE type = 'table' AND NOT name = 'sqlite_sequence'
[0m
  [4;35;1mSQL (0.0ms)[0m   [0mselect sqlite_version(*)[0m
  [4;36;1mSQL (156.0ms)[0m   [0;1mCREATE TABLE "schema_migrations" ("version" varchar(255) NOT NULL) [0m
  [4;35;1mSQL (47.0ms)[0m   [0mCREATE UNIQUE INDEX "unique_schema_migrations" ON "schema_migrations" ("version")[0m
  [4;36;1mSQL (0.0ms)[0m   [0;1m SELECT name
 FROM sqlite_master
 WHERE type = 'table' AND NOT name = 'sqlite_sequence'
[0m
  [4;35;1mSQL (0.0ms)[0m   [0mSELECT version FROM schema_migrations[0m
Migrating to CreateTickets (20090727015742)
  [4;36;1mSQL (0.0ms)[0m   [0;1mCREATE TABLE "tickets" ("id" INTEGER PRIMARY KEY AUTOINCREMENT NOT NULL, "name" varchar(255), "seat_id" varchar(255), "address" text, "price" decimal, "email" varchar(255), "created_at" datetime, "updated_at" datetime) [0m
  [4;35;1mSQL (0.0ms)[0m   [0mINSERT INTO schema_migrations (version) VALUES ('20090727015742')[0m
  [4;36;1mSQL (0.0ms)[0m   [0;1m SELECT name
 FROM sqlite_master
 WHERE type = 'table' AND NOT name = 'sqlite_sequence'
[0m
  [4;35;1mSQL (0.0ms)[0m   [0mSELECT version FROM schema_migrations[0m
  [4;36;1mSQL (0.0ms)[0m   [0;1m SELECT name
 FROM sqlite_master
 WHERE type = 'table' AND NOT name = 'sqlite_sequence'
[0m
  [4;35;1mSQL (0.0ms)[0m   [0mPRAGMA index_list("tickets")[0m
  [4;36;1mSQL (0.0ms)[0m   [0;1m SELECT name
 FROM sqlite_master
 WHERE type = 'table' AND NOT name = 'sqlite_sequence'
[0m
  [4;35;1mSQL (0.0ms)[0m   [0mSELECT version FROM schema_migrations[0m
Migrating to CreateTickets (20090727015742)
Migrating to AddPhoneToTicket (20090727015915)
  [4;36;1mSQL (0.0ms)[0m   [0;1mselect sqlite_version(*)[0m
  [4;35;1mSQL (0.0ms)[0m   [0mALTER TABLE "tickets" ADD "phone" varchar(255)[0m
  [4;36;1mSQL (0.0ms)[0m   [0;1mINSERT INTO schema_migrations (version) VALUES ('20090727015915')[0m
  [4;35;1mSQL (0.0ms)[0m   [0m SELECT name
 FROM sqlite_master
 WHERE type = 'table' AND NOT name = 'sqlite_sequence'
[0m
  [4;36;1mSQL (0.0ms)[0m   [0;1mSELECT version FROM schema_migrations[0m
  [4;35;1mSQL (0.0ms)[0m   [0m SELECT name
 FROM sqlite_master
 WHERE type = 'table' AND NOT name = 'sqlite_sequence'
[0m
  [4;36;1mSQL (0.0ms)[0m   [0;1mPRAGMA index_list("tickets")[0m


Processing TicketsController#index (for 127.0.0.1 at 2009-07-27 10:03:15) [GET]
  [4;36;1mTicket Load (0.0ms)[0m   [0;1mSELECT * FROM "tickets" [0m
Rendering template within layouts/tickets
Rendering tickets/index
Completed in 1687ms (View: 1672, DB: 0) | 200 OK [http://127.0.0.1/tickets/]


Processing TicketsController#new (for 127.0.0.1 at 2009-07-27 10:03:20) [GET]
Rendering template within layouts/tickets
Rendering tickets/new
Completed in 62ms (View: 31, DB: 0) | 200 OK [http://127.0.0.1/tickets/new]


Processing TicketsController#create (for 127.0.0.1 at 2009-07-27 10:04:00) [POST]
  Parameters: {"ticket"=>{"name"=>"Damia Razale", "price"=>"25", "seat_id"=>"11A", "phone"=>"03-88852469", "address"=>"Presint 11", "email"=>"damia@yahoo.com"}, "commit"=>"Create", "authenticity_token"=>"JvV+fRNJ1JioDZhgNgTaPm+7rFCS+QJX5dAYKJK2z+c="}
  [4;35;1mTicket Create (0.0ms)[0m   [0mINSERT INTO "tickets" ("name", "updated_at", "price", "seat_id", "phone", "address", "email", "created_at") VALUES('Damia Razale', '2009-07-27 02:04:00', 25.0, '11A', '03-88852469', 'Presint 11', 'damia@yahoo.com', '2009-07-27 02:04:00')[0m
Redirected to http://127.0.0.1:3000/tickets/1
Completed in 281ms (DB: 0) | 302 Found [http://127.0.0.1/tickets]


Processing TicketsController#show (for 127.0.0.1 at 2009-07-27 10:04:00) [GET]
  Parameters: {"id"=>"1"}
  [4;36;1mTicket Load (0.0ms)[0m   [0;1mSELECT * FROM "tickets" WHERE ("tickets"."id" = 1) [0m
Rendering template within layouts/tickets
Rendering tickets/show
Completed in 47ms (View: 16, DB: 0) | 200 OK [http://127.0.0.1/tickets/1]


Processing TicketsController#index (for 127.0.0.1 at 2009-07-27 10:04:04) [GET]
  [4;35;1mTicket Load (0.0ms)[0m   [0mSELECT * FROM "tickets" [0m
Rendering template within layouts/tickets
Rendering tickets/index
Completed in 156ms (View: 16, DB: 0) | 200 OK [http://127.0.0.1/tickets]


Processing TicketsController#new (for 127.0.0.1 at 2009-07-27 10:05:29) [GET]
Rendering template within layouts/tickets
Rendering tickets/new
Completed in 31ms (View: 15, DB: 0) | 200 OK [http://127.0.0.1/tickets/new]


Processing TicketsController#create (for 127.0.0.1 at 2009-07-27 10:06:30) [POST]
  Parameters: {"ticket"=>{"name"=>"Danishah Razale", "price"=>"30", "seat_id"=>"11B", "phone"=>"03-88852356", "address"=>"Presint 11 Putrajaya", "email"=>"danishah@gmail.com"}, "commit"=>"Create", "authenticity_token"=>"JvV+fRNJ1JioDZhgNgTaPm+7rFCS+QJX5dAYKJK2z+c="}
  [4;36;1mTicket Create (15.0ms)[0m   [0;1mINSERT INTO "tickets" ("name", "updated_at", "price", "seat_id", "phone", "address", "email", "created_at") VALUES('Danishah Razale', '2009-07-27 02:06:30', 30.0, '11B', '03-88852356', 'Presint 11 Putrajaya', 'danishah@gmail.com', '2009-07-27 02:06:30')[0m
Redirected to http://127.0.0.1:3000/tickets/2
Completed in 157ms (DB: 15) | 302 Found [http://127.0.0.1/tickets]


Processing TicketsController#show (for 127.0.0.1 at 2009-07-27 10:06:30) [GET]
  Parameters: {"id"=>"2"}
  [4;35;1mTicket Load (16.0ms)[0m   [0mSELECT * FROM "tickets" WHERE ("tickets"."id" = 2) [0m
Rendering template within layouts/tickets
Rendering tickets/show
Completed in 16ms (View: 0, DB: 16) | 200 OK [http://127.0.0.1/tickets/2]


Processing TicketsController#index (for 127.0.0.1 at 2009-07-27 10:06:33) [GET]
  [4;36;1mTicket Load (15.0ms)[0m   [0;1mSELECT * FROM "tickets" [0m
Rendering template within layouts/tickets
Rendering tickets/index
Completed in 15ms (View: 0, DB: 15) | 200 OK [http://127.0.0.1/tickets]


Processing ApplicationController#index (for 127.0.0.1 at 2009-07-27 10:45:07) [GET]

ActionController::RoutingError (No route matches "/ads/3" with {:method=>:get}):
  C:/Ruby/lib/ruby/1.8/webrick/httpserver.rb:104:in `service'
  C:/Ruby/lib/ruby/1.8/webrick/httpserver.rb:65:in `run'
  C:/Ruby/lib/ruby/1.8/webrick/server.rb:173:in `start_thread'
  C:/Ruby/lib/ruby/1.8/webrick/server.rb:162:in `start'
  C:/Ruby/lib/ruby/1.8/webrick/server.rb:162:in `start_thread'
  C:/Ruby/lib/ruby/1.8/webrick/server.rb:95:in `start'
  C:/Ruby/lib/ruby/1.8/webrick/server.rb:92:in `each'
  C:/Ruby/lib/ruby/1.8/webrick/server.rb:92:in `start'
  C:/Ruby/lib/ruby/1.8/webrick/server.rb:23:in `start'
  C:/Ruby/lib/ruby/1.8/webrick/server.rb:82:in `start'

Rendering rescues/layout (not_found)


Processing ApplicationController#index (for 127.0.0.1 at 2009-07-27 10:45:41) [GET]

ActionController::RoutingError (No route matches "/ads/3" with {:method=>:get}):
  C:/Ruby/lib/ruby/1.8/webrick/httpserver.rb:104:in `service'
  C:/Ruby/lib/ruby/1.8/webrick/httpserver.rb:65:in `run'
  C:/Ruby/lib/ruby/1.8/webrick/server.rb:173:in `start_thread'
  C:/Ruby/lib/ruby/1.8/webrick/server.rb:162:in `start'
  C:/Ruby/lib/ruby/1.8/webrick/server.rb:162:in `start_thread'
  C:/Ruby/lib/ruby/1.8/webrick/server.rb:95:in `start'
  C:/Ruby/lib/ruby/1.8/webrick/server.rb:92:in `each'
  C:/Ruby/lib/ruby/1.8/webrick/server.rb:92:in `start'
  C:/Ruby/lib/ruby/1.8/webrick/server.rb:23:in `start'
  C:/Ruby/lib/ruby/1.8/webrick/server.rb:82:in `start'

Rendering rescues/layout (not_found)


Processing ApplicationController#index (for 127.0.0.1 at 2009-07-27 10:47:12) [GET]

ActionController::RoutingError (No route matches "/ads/3" with {:method=>:get}):
  C:/Ruby/lib/ruby/1.8/webrick/httpserver.rb:104:in `service'
  C:/Ruby/lib/ruby/1.8/webrick/httpserver.rb:65:in `run'
  C:/Ruby/lib/ruby/1.8/webrick/server.rb:173:in `start_thread'
  C:/Ruby/lib/ruby/1.8/webrick/server.rb:162:in `start'
  C:/Ruby/lib/ruby/1.8/webrick/server.rb:162:in `start_thread'
  C:/Ruby/lib/ruby/1.8/webrick/server.rb:95:in `start'
  C:/Ruby/lib/ruby/1.8/webrick/server.rb:92:in `each'
  C:/Ruby/lib/ruby/1.8/webrick/server.rb:92:in `start'
  C:/Ruby/lib/ruby/1.8/webrick/server.rb:23:in `start'
  C:/Ruby/lib/ruby/1.8/webrick/server.rb:82:in `start'

Rendering rescues/layout (not_found)


Processing ApplicationController#index (for 127.0.0.1 at 2009-07-27 10:47:18) [GET]

ActionController::RoutingError (No route matches "/ads/3" with {:method=>:get}):
  C:/Ruby/lib/ruby/1.8/webrick/httpserver.rb:104:in `service'
  C:/Ruby/lib/ruby/1.8/webrick/httpserver.rb:65:in `run'
  C:/Ruby/lib/ruby/1.8/webrick/server.rb:173:in `start_thread'
  C:/Ruby/lib/ruby/1.8/webrick/server.rb:162:in `start'
  C:/Ruby/lib/ruby/1.8/webrick/server.rb:162:in `start_thread'
  C:/Ruby/lib/ruby/1.8/webrick/server.rb:95:in `start'
  C:/Ruby/lib/ruby/1.8/webrick/server.rb:92:in `each'
  C:/Ruby/lib/ruby/1.8/webrick/server.rb:92:in `start'
  C:/Ruby/lib/ruby/1.8/webrick/server.rb:23:in `start'
  C:/Ruby/lib/ruby/1.8/webrick/server.rb:82:in `start'

Rendering rescues/layout (not_found)


Processing ApplicationController#index (for 127.0.0.1 at 2009-07-27 10:47:19) [GET]

ActionController::RoutingError (No route matches "/ads/3" with {:method=>:get}):
  C:/Ruby/lib/ruby/1.8/webrick/httpserver.rb:104:in `service'
  C:/Ruby/lib/ruby/1.8/webrick/httpserver.rb:65:in `run'
  C:/Ruby/lib/ruby/1.8/webrick/server.rb:173:in `start_thread'
  C:/Ruby/lib/ruby/1.8/webrick/server.rb:162:in `start'
  C:/Ruby/lib/ruby/1.8/webrick/server.rb:162:in `start_thread'
  C:/Ruby/lib/ruby/1.8/webrick/server.rb:95:in `start'
  C:/Ruby/lib/ruby/1.8/webrick/server.rb:92:in `each'
  C:/Ruby/lib/ruby/1.8/webrick/server.rb:92:in `start'
  C:/Ruby/lib/ruby/1.8/webrick/server.rb:23:in `start'
  C:/Ruby/lib/ruby/1.8/webrick/server.rb:82:in `start'

Rendering rescues/layout (not_found)


Processing ApplicationController#index (for 127.0.0.1 at 2009-07-27 10:47:20) [GET]

ActionController::RoutingError (No route matches "/ads/3" with {:method=>:get}):
  C:/Ruby/lib/ruby/1.8/webrick/httpserver.rb:104:in `service'
  C:/Ruby/lib/ruby/1.8/webrick/httpserver.rb:65:in `run'
  C:/Ruby/lib/ruby/1.8/webrick/server.rb:173:in `start_thread'
  C:/Ruby/lib/ruby/1.8/webrick/server.rb:162:in `start'
  C:/Ruby/lib/ruby/1.8/webrick/server.rb:162:in `start_thread'
  C:/Ruby/lib/ruby/1.8/webrick/server.rb:95:in `start'
  C:/Ruby/lib/ruby/1.8/webrick/server.rb:92:in `each'
  C:/Ruby/lib/ruby/1.8/webrick/server.rb:92:in `start'
  C:/Ruby/lib/ruby/1.8/webrick/server.rb:23:in `start'
  C:/Ruby/lib/ruby/1.8/webrick/server.rb:82:in `start'

Rendering rescues/layout (not_found)


Processing ApplicationController#index (for 127.0.0.1 at 2009-07-27 10:47:42) [GET]

ActionController::RoutingError (No route matches "/ads/3" with {:method=>:get}):
  C:/Ruby/lib/ruby/1.8/webrick/httpserver.rb:104:in `service'
  C:/Ruby/lib/ruby/1.8/webrick/httpserver.rb:65:in `run'
  C:/Ruby/lib/ruby/1.8/webrick/server.rb:173:in `start_thread'
  C:/Ruby/lib/ruby/1.8/webrick/server.rb:162:in `start'
  C:/Ruby/lib/ruby/1.8/webrick/server.rb:162:in `start_thread'
  C:/Ruby/lib/ruby/1.8/webrick/server.rb:95:in `start'
  C:/Ruby/lib/ruby/1.8/webrick/server.rb:92:in `each'
  C:/Ruby/lib/ruby/1.8/webrick/server.rb:92:in `start'
  C:/Ruby/lib/ruby/1.8/webrick/server.rb:23:in `start'
  C:/Ruby/lib/ruby/1.8/webrick/server.rb:82:in `start'

Rendering rescues/layout (not_found)


Processing TicketsController#index (for 127.0.0.1 at 2009-08-03 00:16:34) [GET]
  [4;36;1mTicket Load (0.0ms)[0m   [0;1mSELECT * FROM "tickets" [0m
Rendering template within layouts/tickets
Rendering tickets/index
Completed in 1997ms (View: 1981, DB: 0) | 200 OK [http://127.0.0.1/tickets]
